<?xml version="1.0" encoding="UTF-8"?>
<!-- Generated by org.testng.reporters.JUnitReportReporter -->
<testsuite hostname="DESKTOP-83U9K5D" failures="0" tests="4" name="Test.LoginTest" time="2.441" errors="0" timestamp="2023-02-12T18:48:17 IST" skipped="0">
  <testcase classname="Test.LoginTest" name="verifyBuildTitleofpage" time="0.366"/>
  <system-out/>
  <testcase classname="Test.LoginTest" name="verifytitleofloginpage" time="0.195"/>
  <system-out/>
  <testcase classname="Test.LoginTest" name="verifyCurrenturlofpage" time="0.008"/>
  <system-out/>
  <testcase classname="Test.LoginTest" name="verifyLoginwithCorrectcredentials" time="1.872"/>
  <system-out/>
</testsuite> <!-- Test.LoginTest -->
