<?xml version="1.0" encoding="UTF-8"?>
<!-- Generated by org.testng.reporters.JUnitReportReporter -->
<testsuite hostname="DESKTOP-83U9K5D" failures="0" tests="3" name="test.LoginTest" time="10.365" errors="0" timestamp="2023-05-06T09:40:16 IST" skipped="0">
  <testcase classname="test.LoginTest" name="verifyBuildTitleName" time="0.111"/>
  <system-out/>
  <testcase classname="test.LoginTest" name="verifyCurrentUrlOfPage" time="0.015"/>
  <system-out/>
  <testcase classname="test.LoginTest" name="verifyLoginWithCorrectCredentials" time="10.239"/>
  <system-out/>
</testsuite> <!-- test.LoginTest -->
