<?xml version="1.0" encoding="UTF-8"?>
<!-- Generated by org.testng.reporters.JUnitReportReporter -->
<testsuite hostname="DESKTOP-83U9K5D" failures="0" tests="3" name="test.MoreTest" time="16.290" errors="0" timestamp="2023-05-06T09:40:16 IST" skipped="0">
  <testcase classname="test.MoreTest" name="titleOfDashBoardPage" time="0.031"/>
  <system-out/>
  <testcase classname="test.MoreTest" name="titleOfMorePage" time="0.257"/>
  <system-out/>
  <testcase classname="test.MoreTest" name="setting" time="16.002"/>
  <system-out/>
</testsuite> <!-- test.MoreTest -->
