<?xml version="1.0" encoding="UTF-8"?>
<!-- Generated by org.testng.reporters.JUnitReportReporter -->
<testsuite hostname="DESKTOP-83U9K5D" failures="0" tests="5" name="test.PIMTest" time="1.657" errors="0" timestamp="2023-04-11T14:34:32 IST" skipped="0">
  <testcase classname="test.PIMTest" name="verifyPimPageTitle" time="1.521"/>
  <system-out/>
  <testcase classname="test.PIMTest" name="verifyEmpSearchEmpId" time="0.133"/>
  <system-out/>
  <testcase classname="test.PIMTest" name="TestIngChanges" time="0.001"/>
  <system-out/>
  <testcase classname="test.PIMTest" name="TestGit1" time="0.001"/>
  <system-out/>
  <testcase classname="test.PIMTest" name="TestingGitFeature" time="0.001"/>
  <system-out/>
</testsuite> <!-- test.PIMTest -->
